{"total": {"lines":{"total":8015,"covered":1174,"skipped":0,"pct":14.64},"statements":{"total":9132,"covered":1255,"skipped":0,"pct":13.74},"functions":{"total":2862,"covered":339,"skipped":0,"pct":11.84},"branches":{"total":6161,"covered":616,"skipped":0,"pct":9.99},"branchesTrue":{"total":0,"covered":0,"skipped":0,"pct":100}}
,"D:\\Aiagent\\Hermes\\hermes-console\\hermes-app\\src\\App.tsx": {"lines":{"total":83,"covered":0,"skipped":0,"pct":0},"functions":{"total":57,"covered":0,"skipped":0,"pct":0},"statements":{"total":129,"covered":0,"skipped":0,"pct":0},"branches":{"total":33,"covered":0,"skipped":0,"pct":0}}
,"D:\\Aiagent\\Hermes\\hermes-console\\hermes-app\\src\\components\\ChatSessionHeader.tsx": {"lines":{"total":38,"covered":0,"skipped":0,"pct":0},"functions":{"total":14,"covered":0,"skipped":0,"pct":0},"statements":{"total":59,"covered":0,"skipped":0,"pct":0},"branches":{"total":59,"covered":0,"skipped":0,"pct":0}}
,"D:\\Aiagent\\Hermes\\hermes-console\\hermes-app\\src\\components\\ErrorBoundary.tsx": {"lines":{"total":16,"covered":0,"skipped":0,"pct":0},"functions":{"total":7,"covered":0,"skipped":0,"pct":0},"statements":{"total":17,"covered":0,"skipped":0,"pct":0},"branches":{"total":8,"covered":0,"skipped":0,"pct":0}}
,"D:\\Aiagent\\Hermes\\hermes-console\\hermes-app\\src\\components\\index.ts": {"lines":{"total":0,"covered":0,"skipped":0,"pct":100},"functions":{"total":0,"covered":0,"skipped":0,"pct":100},"statements":{"total":0,"covered":0,"skipped":0,"pct":100},"branches":{"total":0,"covered":0,"skipped":0,"pct":100}}
,"D:\\Aiagent\\Hermes\\hermes-console\\hermes-app\\src\\components\\chat\\ChatInput.tsx": {"lines":{"total":124,"covered":0,"skipped":0,"pct":0},"functions":{"total":41,"covered":0,"skipped":0,"pct":0},"statements":{"total":147,"covered":0,"skipped":0,"pct":0},"branches":{"total":86,"covered":0,"skipped":0,"pct":0}}
,"D:\\Aiagent\\Hermes\\hermes-console\\hermes-app\\src\\components\\chat\\ClarifyCard.tsx": {"lines":{"total":26,"covered":0,"skipped":0,"pct":0},"functions":{"total":7,"covered":0,"skipped":0,"pct":0},"statements":{"total":28,"covered":0,"skipped":0,"pct":0},"branches":{"total":20,"covered":0,"skipped":0,"pct":0}}
,"D:\\Aiagent\\Hermes\\hermes-console\\hermes-app\\src\\components\\chat\\MessageContent.tsx": {"lines":{"total":66,"covered":0,"skipped":0,"pct":0},"functions":{"total":32,"covered":0,"skipped":0,"pct":0},"statements":{"total":77,"covered":0,"skipped":0,"pct":0},"branches":{"total":165,"covered":0,"skipped":0,"pct":0}}
,"D:\\Aiagent\\Hermes\\hermes-console\\hermes-app\\src\\components\\chat\\MessageList.tsx": {"lines":{"total":60,"covered":0,"skipped":0,"pct":0},"functions":{"total":22,"covered":0,"skipped":0,"pct":0},"statements":{"total":67,"covered":0,"skipped":0,"pct":0},"branches":{"total":57,"covered":0,"skipped":0,"pct":0}}
,"D:\\Aiagent\\Hermes\\hermes-console\\hermes-app\\src\\components\\chat\\PermissionCard.tsx": {"lines":{"total":37,"covered":0,"skipped":0,"pct":0},"functions":{"total":11,"covered":0,"skipped":0,"pct":0},"statements":{"total":41,"covered":0,"skipped":0,"pct":0},"branches":{"total":50,"covered":0,"skipped":0,"pct":0}}
,"D:\\Aiagent\\Hermes\\hermes-console\\hermes-app\\src\\components\\chat\\SecretCard.tsx": {"lines":{"total":32,"covered":0,"skipped":0,"pct":0},"functions":{"total":7,"covered":0,"skipped":0,"pct":0},"statements":{"total":35,"covered":0,"skipped":0,"pct":0},"branches":{"total":22,"covered":0,"skipped":0,"pct":0}}
,"D:\\Aiagent\\Hermes\\hermes-console\\hermes-app\\src\\components\\chat\\SessionSearchCard.tsx": {"lines":{"total":9,"covered":0,"skipped":0,"pct":0},"functions":{"total":5,"covered":0,"skipped":0,"pct":0},"statements":{"total":11,"covered":0,"skipped":0,"pct":0},"branches":{"total":10,"covered":0,"skipped":0,"pct":0}}
,"D:\\Aiagent\\Hermes\\hermes-console\\hermes-app\\src\\components\\chat\\SimpleDiffViewer.tsx": {"lines":{"total":30,"covered":0,"skipped":0,"pct":0},"functions":{"total":5,"covered":0,"skipped":0,"pct":0},"statements":{"total":30,"covered":0,"skipped":0,"pct":0},"branches":{"total":20,"covered":0,"skipped":0,"pct":0}}
,"D:\\Aiagent\\Hermes\\hermes-console\\hermes-app\\src\\components\\chat\\ThinkingBlock.tsx": {"lines":{"total":8,"covered":0,"skipped":0,"pct":0},"functions":{"total":3,"covered":0,"skipped":0,"pct":0},"statements":{"total":10,"covered":0,"skipped":0,"pct":0},"branches":{"total":22,"covered":0,"skipped":0,"pct":0}}
,"D:\\Aiagent\\Hermes\\hermes-console\\hermes-app\\src\\components\\chat\\ToolErrorCard.tsx": {"lines":{"total":16,"covered":0,"skipped":0,"pct":0},"functions":{"total":2,"covered":0,"skipped":0,"pct":0},"statements":{"total":16,"covered":0,"skipped":0,"pct":0},"branches":{"total":12,"covered":0,"skipped":0,"pct":0}}
,"D:\\Aiagent\\Hermes\\hermes-console\\hermes-app\\src\\components\\chat\\ToolItem.tsx": {"lines":{"total":22,"covered":0,"skipped":0,"pct":0},"functions":{"total":4,"covered":0,"skipped":0,"pct":0},"statements":{"total":25,"covered":0,"skipped":0,"pct":0},"branches":{"total":67,"covered":0,"skipped":0,"pct":0}}
,"D:\\Aiagent\\Hermes\\hermes-console\\hermes-app\\src\\components\\chat\\ToolsBlock.tsx": {"lines":{"total":4,"covered":0,"skipped":0,"pct":0},"functions":{"total":2,"covered":0,"skipped":0,"pct":0},"statements":{"total":4,"covered":0,"skipped":0,"pct":0},"branches":{"total":0,"covered":0,"skipped":0,"pct":100}}
,"D:\\Aiagent\\Hermes\\hermes-console\\hermes-app\\src\\components\\chat\\constants.ts": {"lines":{"total":1,"covered":0,"skipped":0,"pct":0},"functions":{"total":0,"covered":0,"skipped":0,"pct":100},"statements":{"total":1,"covered":0,"skipped":0,"pct":0},"branches":{"total":0,"covered":0,"skipped":0,"pct":100}}
,"D:\\Aiagent\\Hermes\\hermes-console\\hermes-app\\src\\components\\chat\\index.ts": {"lines":{"total":0,"covered":0,"skipped":0,"pct":100},"functions":{"total":0,"covered":0,"skipped":0,"pct":100},"statements":{"total":0,"covered":0,"skipped":0,"pct":100},"branches":{"total":0,"covered":0,"skipped":0,"pct":100}}
,"D:\\Aiagent\\Hermes\\hermes-console\\hermes-app\\src\\components\\chat\\parseToolJson.ts": {"lines":{"total":75,"covered":2,"skipped":0,"pct":2.66},"functions":{"total":2,"covered":0,"skipped":0,"pct":0},"statements":{"total":80,"covered":2,"skipped":0,"pct":2.5},"branches":{"total":72,"covered":0,"skipped":0,"pct":0}}
,"D:\\Aiagent\\Hermes\\hermes-console\\hermes-app\\src\\components\\layout\\index.ts": {"lines":{"total":0,"covered":0,"skipped":0,"pct":100},"functions":{"total":0,"covered":0,"skipped":0,"pct":100},"statements":{"total":0,"covered":0,"skipped":0,"pct":100},"branches":{"total":0,"covered":0,"skipped":0,"pct":100}}
,"D:\\Aiagent\\Hermes\\hermes-console\\hermes-app\\src\\components\\layout\\Layout\\Layout.tsx": {"lines":{"total":103,"covered":0,"skipped":0,"pct":0},"functions":{"total":41,"covered":0,"skipped":0,"pct":0},"statements":{"total":118,"covered":0,"skipped":0,"pct":0},"branches":{"total":87,"covered":0,"skipped":0,"pct":0}}
,"D:\\Aiagent\\Hermes\\hermes-console\\hermes-app\\src\\components\\layout\\Layout\\index.ts": {"lines":{"total":0,"covered":0,"skipped":0,"pct":100},"functions":{"total":0,"covered":0,"skipped":0,"pct":100},"statements":{"total":0,"covered":0,"skipped":0,"pct":100},"branches":{"total":0,"covered":0,"skipped":0,"pct":100}}
,"D:\\Aiagent\\Hermes\\hermes-console\\hermes-app\\src\\components\\layout\\SessionSidebar\\SessionSidebar.tsx": {"lines":{"total":122,"covered":0,"skipped":0,"pct":0},"functions":{"total":51,"covered":0,"skipped":0,"pct":0},"statements":{"total":143,"covered":0,"skipped":0,"pct":0},"branches":{"total":56,"covered":0,"skipped":0,"pct":0}}
,"D:\\Aiagent\\Hermes\\hermes-console\\hermes-app\\src\\components\\layout\\SessionSidebar\\index.ts": {"lines":{"total":0,"covered":0,"skipped":0,"pct":100},"functions":{"total":0,"covered":0,"skipped":0,"pct":100},"statements":{"total":0,"covered":0,"skipped":0,"pct":100},"branches":{"total":0,"covered":0,"skipped":0,"pct":100}}
,"D:\\Aiagent\\Hermes\\hermes-console\\hermes-app\\src\\components\\layout\\Sidebar\\Sidebar.tsx": {"lines":{"total":36,"covered":0,"skipped":0,"pct":0},"functions":{"total":32,"covered":0,"skipped":0,"pct":0},"statements":{"total":45,"covered":0,"skipped":0,"pct":0},"branches":{"total":34,"covered":0,"skipped":0,"pct":0}}
,"D:\\Aiagent\\Hermes\\hermes-console\\hermes-app\\src\\components\\layout\\Sidebar\\index.ts": {"lines":{"total":0,"covered":0,"skipped":0,"pct":100},"functions":{"total":0,"covered":0,"skipped":0,"pct":100},"statements":{"total":0,"covered":0,"skipped":0,"pct":100},"branches":{"total":0,"covered":0,"skipped":0,"pct":100}}
,"D:\\Aiagent\\Hermes\\hermes-console\\hermes-app\\src\\components\\layout\\StatusBar\\StatusBar.tsx": {"lines":{"total":37,"covered":0,"skipped":0,"pct":0},"functions":{"total":9,"covered":0,"skipped":0,"pct":0},"statements":{"total":44,"covered":0,"skipped":0,"pct":0},"branches":{"total":34,"covered":0,"skipped":0,"pct":0}}
,"D:\\Aiagent\\Hermes\\hermes-console\\hermes-app\\src\\components\\layout\\StatusBar\\index.ts": {"lines":{"total":0,"covered":0,"skipped":0,"pct":100},"functions":{"total":0,"covered":0,"skipped":0,"pct":100},"statements":{"total":0,"covered":0,"skipped":0,"pct":100},"branches":{"total":0,"covered":0,"skipped":0,"pct":100}}
,"D:\\Aiagent\\Hermes\\hermes-console\\hermes-app\\src\\components\\ui\\Modal.tsx": {"lines":{"total":23,"covered":0,"skipped":0,"pct":0},"functions":{"total":8,"covered":0,"skipped":0,"pct":0},"statements":{"total":25,"covered":0,"skipped":0,"pct":0},"branches":{"total":21,"covered":0,"skipped":0,"pct":0}}
,"D:\\Aiagent\\Hermes\\hermes-console\\hermes-app\\src\\components\\ui\\StatusUI.tsx": {"lines":{"total":10,"covered":0,"skipped":0,"pct":0},"functions":{"total":4,"covered":0,"skipped":0,"pct":0},"statements":{"total":11,"covered":0,"skipped":0,"pct":0},"branches":{"total":23,"covered":0,"skipped":0,"pct":0}}
,"D:\\Aiagent\\Hermes\\hermes-console\\hermes-app\\src\\components\\ui\\Button\\Button.tsx": {"lines":{"total":5,"covered":0,"skipped":0,"pct":0},"functions":{"total":1,"covered":0,"skipped":0,"pct":0},"statements":{"total":5,"covered":0,"skipped":0,"pct":0},"branches":{"total":19,"covered":0,"skipped":0,"pct":0}}
,"D:\\Aiagent\\Hermes\\hermes-console\\hermes-app\\src\\components\\ui\\Button\\index.ts": {"lines":{"total":0,"covered":0,"skipped":0,"pct":100},"functions":{"total":0,"covered":0,"skipped":0,"pct":100},"statements":{"total":0,"covered":0,"skipped":0,"pct":100},"branches":{"total":0,"covered":0,"skipped":0,"pct":100}}
,"D:\\Aiagent\\Hermes\\hermes-console\\hermes-app\\src\\components\\ui\\Card\\Card.tsx": {"lines":{"total":6,"covered":0,"skipped":0,"pct":0},"functions":{"total":2,"covered":0,"skipped":0,"pct":0},"statements":{"total":6,"covered":0,"skipped":0,"pct":0},"branches":{"total":21,"covered":0,"skipped":0,"pct":0}}
,"D:\\Aiagent\\Hermes\\hermes-console\\hermes-app\\src\\components\\ui\\Card\\index.ts": {"lines":{"total":0,"covered":0,"skipped":0,"pct":100},"functions":{"total":0,"covered":0,"skipped":0,"pct":100},"statements":{"total":0,"covered":0,"skipped":0,"pct":100},"branches":{"total":0,"covered":0,"skipped":0,"pct":100}}
,"D:\\Aiagent\\Hermes\\hermes-console\\hermes-app\\src\\components\\ui\\CommandPalette\\CommandPalette.tsx": {"lines":{"total":86,"covered":0,"skipped":0,"pct":0},"functions":{"total":49,"covered":0,"skipped":0,"pct":0},"statements":{"total":102,"covered":0,"skipped":0,"pct":0},"branches":{"total":35,"covered":0,"skipped":0,"pct":0}}
,"D:\\Aiagent\\Hermes\\hermes-console\\hermes-app\\src\\components\\ui\\CommandPalette\\index.ts": {"lines":{"total":0,"covered":0,"skipped":0,"pct":100},"functions":{"total":0,"covered":0,"skipped":0,"pct":100},"statements":{"total":0,"covered":0,"skipped":0,"pct":100},"branches":{"total":0,"covered":0,"skipped":0,"pct":100}}
,"D:\\Aiagent\\Hermes\\hermes-console\\hermes-app\\src\\components\\ui\\GlobalSearch\\GlobalSearch.tsx": {"lines":{"total":67,"covered":0,"skipped":0,"pct":0},"functions":{"total":25,"covered":0,"skipped":0,"pct":0},"statements":{"total":79,"covered":0,"skipped":0,"pct":0},"branches":{"total":46,"covered":0,"skipped":0,"pct":0}}
,"D:\\Aiagent\\Hermes\\hermes-console\\hermes-app\\src\\components\\ui\\GlobalSearch\\index.ts": {"lines":{"total":0,"covered":0,"skipped":0,"pct":100},"functions":{"total":0,"covered":0,"skipped":0,"pct":100},"statements":{"total":0,"covered":0,"skipped":0,"pct":100},"branches":{"total":0,"covered":0,"skipped":0,"pct":100}}
,"D:\\Aiagent\\Hermes\\hermes-console\\hermes-app\\src\\components\\ui\\Icons\\Icons.tsx": {"lines":{"total":72,"covered":0,"skipped":0,"pct":0},"functions":{"total":72,"covered":0,"skipped":0,"pct":0},"statements":{"total":72,"covered":0,"skipped":0,"pct":0},"branches":{"total":72,"covered":0,"skipped":0,"pct":0}}
,"D:\\Aiagent\\Hermes\\hermes-console\\hermes-app\\src\\components\\ui\\Icons\\index.ts": {"lines":{"total":0,"covered":0,"skipped":0,"pct":100},"functions":{"total":0,"covered":0,"skipped":0,"pct":100},"statements":{"total":0,"covered":0,"skipped":0,"pct":100},"branches":{"total":0,"covered":0,"skipped":0,"pct":100}}
,"D:\\Aiagent\\Hermes\\hermes-console\\hermes-app\\src\\components\\ui\\Input\\Input.tsx": {"lines":{"total":14,"covered":0,"skipped":0,"pct":0},"functions":{"total":2,"covered":0,"skipped":0,"pct":0},"statements":{"total":14,"covered":0,"skipped":0,"pct":0},"branches":{"total":47,"covered":0,"skipped":0,"pct":0}}
,"D:\\Aiagent\\Hermes\\hermes-console\\hermes-app\\src\\components\\ui\\Input\\index.ts": {"lines":{"total":0,"covered":0,"skipped":0,"pct":100},"functions":{"total":0,"covered":0,"skipped":0,"pct":100},"statements":{"total":0,"covered":0,"skipped":0,"pct":100},"branches":{"total":0,"covered":0,"skipped":0,"pct":100}}
,"D:\\Aiagent\\Hermes\\hermes-console\\hermes-app\\src\\components\\ui\\KeyboardShortcutsHelp\\KeyboardShortcutsHelp.tsx": {"lines":{"total":21,"covered":0,"skipped":0,"pct":0},"functions":{"total":11,"covered":0,"skipped":0,"pct":0},"statements":{"total":24,"covered":0,"skipped":0,"pct":0},"branches":{"total":52,"covered":0,"skipped":0,"pct":0}}
,"D:\\Aiagent\\Hermes\\hermes-console\\hermes-app\\src\\components\\ui\\KeyboardShortcutsHelp\\index.ts": {"lines":{"total":0,"covered":0,"skipped":0,"pct":100},"functions":{"total":0,"covered":0,"skipped":0,"pct":100},"statements":{"total":0,"covered":0,"skipped":0,"pct":100},"branches":{"total":0,"covered":0,"skipped":0,"pct":100}}
,"D:\\Aiagent\\Hermes\\hermes-console\\hermes-app\\src\\components\\ui\\Lightbox\\Lightbox.tsx": {"lines":{"total":18,"covered":0,"skipped":0,"pct":0},"functions":{"total":6,"covered":0,"skipped":0,"pct":0},"statements":{"total":19,"covered":0,"skipped":0,"pct":0},"branches":{"total":12,"covered":0,"skipped":0,"pct":0}}
,"D:\\Aiagent\\Hermes\\hermes-console\\hermes-app\\src\\components\\ui\\Lightbox\\index.ts": {"lines":{"total":0,"covered":0,"skipped":0,"pct":100},"functions":{"total":0,"covered":0,"skipped":0,"pct":100},"statements":{"total":0,"covered":0,"skipped":0,"pct":100},"branches":{"total":0,"covered":0,"skipped":0,"pct":100}}
,"D:\\Aiagent\\Hermes\\hermes-console\\hermes-app\\src\\components\\ui\\MarkdownRenderer\\LazyMarkdownRenderer.tsx": {"lines":{"total":7,"covered":0,"skipped":0,"pct":0},"functions":{"total":3,"covered":0,"skipped":0,"pct":0},"statements":{"total":7,"covered":0,"skipped":0,"pct":0},"branches":{"total":0,"covered":0,"skipped":0,"pct":100}}
,"D:\\Aiagent\\Hermes\\hermes-console\\hermes-app\\src\\components\\ui\\MarkdownRenderer\\MarkdownRenderer.tsx": {"lines":{"total":76,"covered":0,"skipped":0,"pct":0},"functions":{"total":34,"covered":0,"skipped":0,"pct":0},"statements":{"total":86,"covered":0,"skipped":0,"pct":0},"branches":{"total":47,"covered":0,"skipped":0,"pct":0}}
,"D:\\Aiagent\\Hermes\\hermes-console\\hermes-app\\src\\components\\ui\\MarkdownRenderer\\index.ts": {"lines":{"total":0,"covered":0,"skipped":0,"pct":100},"functions":{"total":0,"covered":0,"skipped":0,"pct":100},"statements":{"total":0,"covered":0,"skipped":0,"pct":100},"branches":{"total":0,"covered":0,"skipped":0,"pct":100}}
,"D:\\Aiagent\\Hermes\\hermes-console\\hermes-app\\src\\components\\ui\\Skeleton\\Skeleton.tsx": {"lines":{"total":23,"covered":0,"skipped":0,"pct":0},"functions":{"total":12,"covered":0,"skipped":0,"pct":0},"statements":{"total":25,"covered":0,"skipped":0,"pct":0},"branches":{"total":44,"covered":0,"skipped":0,"pct":0}}
,"D:\\Aiagent\\Hermes\\hermes-console\\hermes-app\\src\\components\\ui\\Skeleton\\index.ts": {"lines":{"total":0,"covered":0,"skipped":0,"pct":100},"functions":{"total":0,"covered":0,"skipped":0,"pct":100},"statements":{"total":0,"covered":0,"skipped":0,"pct":100},"branches":{"total":0,"covered":0,"skipped":0,"pct":100}}
,"D:\\Aiagent\\Hermes\\hermes-console\\hermes-app\\src\\components\\ui\\Toast\\Toast.tsx": {"lines":{"total":20,"covered":0,"skipped":0,"pct":0},"functions":{"total":8,"covered":0,"skipped":0,"pct":0},"statements":{"total":27,"covered":0,"skipped":0,"pct":0},"branches":{"total":14,"covered":0,"skipped":0,"pct":0}}
,"D:\\Aiagent\\Hermes\\hermes-console\\hermes-app\\src\\components\\ui\\Toast\\index.ts": {"lines":{"total":0,"covered":0,"skipped":0,"pct":100},"functions":{"total":0,"covered":0,"skipped":0,"pct":100},"statements":{"total":0,"covered":0,"skipped":0,"pct":100},"branches":{"total":0,"covered":0,"skipped":0,"pct":100}}
,"D:\\Aiagent\\Hermes\\hermes-console\\hermes-app\\src\\hooks\\index.ts": {"lines":{"total":36,"covered":0,"skipped":0,"pct":0},"functions":{"total":15,"covered":0,"skipped":0,"pct":0},"statements":{"total":41,"covered":0,"skipped":0,"pct":0},"branches":{"total":7,"covered":0,"skipped":0,"pct":0}}
,"D:\\Aiagent\\Hermes\\hermes-console\\hermes-app\\src\\hooks\\useHermesReadiness.ts": {"lines":{"total":17,"covered":0,"skipped":0,"pct":0},"functions":{"total":9,"covered":0,"skipped":0,"pct":0},"statements":{"total":22,"covered":0,"skipped":0,"pct":0},"branches":{"total":4,"covered":0,"skipped":0,"pct":0}}
,"D:\\Aiagent\\Hermes\\hermes-console\\hermes-app\\src\\hooks\\useKeyboardShortcuts.ts": {"lines":{"total":32,"covered":0,"skipped":0,"pct":0},"functions":{"total":5,"covered":0,"skipped":0,"pct":0},"statements":{"total":36,"covered":0,"skipped":0,"pct":0},"branches":{"total":28,"covered":0,"skipped":0,"pct":0}}
,"D:\\Aiagent\\Hermes\\hermes-console\\hermes-app\\src\\hooks\\usePageVisibility.ts": {"lines":{"total":11,"covered":0,"skipped":0,"pct":0},"functions":{"total":5,"covered":0,"skipped":0,"pct":0},"statements":{"total":13,"covered":0,"skipped":0,"pct":0},"branches":{"total":4,"covered":0,"skipped":0,"pct":0}}
,"D:\\Aiagent\\Hermes\\hermes-console\\hermes-app\\src\\hooks\\usePolling.ts": {"lines":{"total":22,"covered":0,"skipped":0,"pct":0},"functions":{"total":6,"covered":0,"skipped":0,"pct":0},"statements":{"total":24,"covered":0,"skipped":0,"pct":0},"branches":{"total":11,"covered":0,"skipped":0,"pct":0}}
,"D:\\Aiagent\\Hermes\\hermes-console\\hermes-app\\src\\hooks\\useStreamChat.ts": {"lines":{"total":61,"covered":0,"skipped":0,"pct":0},"functions":{"total":16,"covered":0,"skipped":0,"pct":0},"statements":{"total":73,"covered":0,"skipped":0,"pct":0},"branches":{"total":46,"covered":0,"skipped":0,"pct":0}}
,"D:\\Aiagent\\Hermes\\hermes-console\\hermes-app\\src\\hooks\\useTranslation.ts": {"lines":{"total":3,"covered":0,"skipped":0,"pct":0},"functions":{"total":3,"covered":0,"skipped":0,"pct":0},"statements":{"total":4,"covered":0,"skipped":0,"pct":0},"branches":{"total":0,"covered":0,"skipped":0,"pct":100}}
,"D:\\Aiagent\\Hermes\\hermes-console\\hermes-app\\src\\hooks\\useWindowFocus.ts": {"lines":{"total":7,"covered":0,"skipped":0,"pct":0},"functions":{"total":4,"covered":0,"skipped":0,"pct":0},"statements":{"total":8,"covered":0,"skipped":0,"pct":0},"branches":{"total":3,"covered":0,"skipped":0,"pct":0}}
,"D:\\Aiagent\\Hermes\\hermes-console\\hermes-app\\src\\lib\\contentUtils.ts": {"lines":{"total":21,"covered":3,"skipped":0,"pct":14.28},"functions":{"total":1,"covered":0,"skipped":0,"pct":0},"statements":{"total":22,"covered":3,"skipped":0,"pct":13.63},"branches":{"total":12,"covered":0,"skipped":0,"pct":0}}
,"D:\\Aiagent\\Hermes\\hermes-console\\hermes-app\\src\\lib\\cronJobs.ts": {"lines":{"total":13,"covered":13,"skipped":0,"pct":100},"functions":{"total":4,"covered":4,"skipped":0,"pct":100},"statements":{"total":15,"covered":15,"skipped":0,"pct":100},"branches":{"total":24,"covered":23,"skipped":0,"pct":95.83}}
,"D:\\Aiagent\\Hermes\\hermes-console\\hermes-app\\src\\lib\\errorUtils.ts": {"lines":{"total":13,"covered":7,"skipped":0,"pct":53.84},"functions":{"total":4,"covered":2,"skipped":0,"pct":50},"statements":{"total":18,"covered":10,"skipped":0,"pct":55.55},"branches":{"total":17,"covered":11,"skipped":0,"pct":64.7}}
,"D:\\Aiagent\\Hermes\\hermes-console\\hermes-app\\src\\lib\\hermesReadiness.ts": {"lines":{"total":17,"covered":11,"skipped":0,"pct":64.7},"functions":{"total":4,"covered":3,"skipped":0,"pct":75},"statements":{"total":17,"covered":11,"skipped":0,"pct":64.7},"branches":{"total":64,"covered":35,"skipped":0,"pct":54.68}}
,"D:\\Aiagent\\Hermes\\hermes-console\\hermes-app\\src\\lib\\i18n.ts": {"lines":{"total":7,"covered":4,"skipped":0,"pct":57.14},"functions":{"total":3,"covered":1,"skipped":0,"pct":33.33},"statements":{"total":8,"covered":4,"skipped":0,"pct":50},"branches":{"total":4,"covered":2,"skipped":0,"pct":50}}
,"D:\\Aiagent\\Hermes\\hermes-console\\hermes-app\\src\\lib\\logger.ts": {"lines":{"total":14,"covered":7,"skipped":0,"pct":50},"functions":{"total":6,"covered":3,"skipped":0,"pct":50},"statements":{"total":14,"covered":7,"skipped":0,"pct":50},"branches":{"total":8,"covered":2,"skipped":0,"pct":25}}
,"D:\\Aiagent\\Hermes\\hermes-console\\hermes-app\\src\\lib\\safeUrl.ts": {"lines":{"total":16,"covered":13,"skipped":0,"pct":81.25},"functions":{"total":1,"covered":1,"skipped":0,"pct":100},"statements":{"total":16,"covered":13,"skipped":0,"pct":81.25},"branches":{"total":22,"covered":18,"skipped":0,"pct":81.81}}
,"D:\\Aiagent\\Hermes\\hermes-console\\hermes-app\\src\\lib\\sessionMessageAdapter.ts": {"lines":{"total":13,"covered":0,"skipped":0,"pct":0},"functions":{"total":5,"covered":0,"skipped":0,"pct":0},"statements":{"total":14,"covered":0,"skipped":0,"pct":0},"branches":{"total":14,"covered":0,"skipped":0,"pct":0}}
,"D:\\Aiagent\\Hermes\\hermes-console\\hermes-app\\src\\lib\\storeUtils.ts": {"lines":{"total":17,"covered":0,"skipped":0,"pct":0},"functions":{"total":2,"covered":0,"skipped":0,"pct":0},"statements":{"total":17,"covered":0,"skipped":0,"pct":0},"branches":{"total":5,"covered":0,"skipped":0,"pct":0}}
,"D:\\Aiagent\\Hermes\\hermes-console\\hermes-app\\src\\lib\\tauri.ts": {"lines":{"total":144,"covered":6,"skipped":0,"pct":4.16},"functions":{"total":14,"covered":0,"skipped":0,"pct":0},"statements":{"total":161,"covered":6,"skipped":0,"pct":3.72},"branches":{"total":211,"covered":0,"skipped":0,"pct":0}}
,"D:\\Aiagent\\Hermes\\hermes-console\\hermes-app\\src\\pages\\index.ts": {"lines":{"total":0,"covered":0,"skipped":0,"pct":100},"functions":{"total":0,"covered":0,"skipped":0,"pct":100},"statements":{"total":0,"covered":0,"skipped":0,"pct":100},"branches":{"total":0,"covered":0,"skipped":0,"pct":100}}
,"D:\\Aiagent\\Hermes\\hermes-console\\hermes-app\\src\\pages\\Chat\\ChatPage.tsx": {"lines":{"total":264,"covered":0,"skipped":0,"pct":0},"functions":{"total":85,"covered":0,"skipped":0,"pct":0},"statements":{"total":325,"covered":0,"skipped":0,"pct":0},"branches":{"total":358,"covered":0,"skipped":0,"pct":0}}
,"D:\\Aiagent\\Hermes\\hermes-console\\hermes-app\\src\\pages\\Chat\\index.ts": {"lines":{"total":0,"covered":0,"skipped":0,"pct":100},"functions":{"total":0,"covered":0,"skipped":0,"pct":100},"statements":{"total":0,"covered":0,"skipped":0,"pct":100},"branches":{"total":0,"covered":0,"skipped":0,"pct":100}}
,"D:\\Aiagent\\Hermes\\hermes-console\\hermes-app\\src\\pages\\CronJobs\\CronJobs.tsx": {"lines":{"total":146,"covered":0,"skipped":0,"pct":0},"functions":{"total":66,"covered":0,"skipped":0,"pct":0},"statements":{"total":172,"covered":0,"skipped":0,"pct":0},"branches":{"total":116,"covered":0,"skipped":0,"pct":0}}
,"D:\\Aiagent\\Hermes\\hermes-console\\hermes-app\\src\\pages\\CronJobs\\index.ts": {"lines":{"total":0,"covered":0,"skipped":0,"pct":100},"functions":{"total":0,"covered":0,"skipped":0,"pct":100},"statements":{"total":0,"covered":0,"skipped":0,"pct":100},"branches":{"total":0,"covered":0,"skipped":0,"pct":100}}
,"D:\\Aiagent\\Hermes\\hermes-console\\hermes-app\\src\\pages\\Dashboard\\Dashboard.tsx": {"lines":{"total":130,"covered":0,"skipped":0,"pct":0},"functions":{"total":51,"covered":0,"skipped":0,"pct":0},"statements":{"total":156,"covered":0,"skipped":0,"pct":0},"branches":{"total":141,"covered":0,"skipped":0,"pct":0}}
,"D:\\Aiagent\\Hermes\\hermes-console\\hermes-app\\src\\pages\\Dashboard\\index.ts": {"lines":{"total":0,"covered":0,"skipped":0,"pct":100},"functions":{"total":0,"covered":0,"skipped":0,"pct":100},"statements":{"total":0,"covered":0,"skipped":0,"pct":100},"branches":{"total":0,"covered":0,"skipped":0,"pct":100}}
,"D:\\Aiagent\\Hermes\\hermes-console\\hermes-app\\src\\pages\\Files\\Files.tsx": {"lines":{"total":325,"covered":0,"skipped":0,"pct":0},"functions":{"total":147,"covered":0,"skipped":0,"pct":0},"statements":{"total":379,"covered":0,"skipped":0,"pct":0},"branches":{"total":210,"covered":0,"skipped":0,"pct":0}}
,"D:\\Aiagent\\Hermes\\hermes-console\\hermes-app\\src\\pages\\Files\\index.ts": {"lines":{"total":0,"covered":0,"skipped":0,"pct":100},"functions":{"total":0,"covered":0,"skipped":0,"pct":100},"statements":{"total":0,"covered":0,"skipped":0,"pct":100},"branches":{"total":0,"covered":0,"skipped":0,"pct":100}}
,"D:\\Aiagent\\Hermes\\hermes-console\\hermes-app\\src\\pages\\Gateway\\Gateway.tsx": {"lines":{"total":100,"covered":0,"skipped":0,"pct":0},"functions":{"total":21,"covered":0,"skipped":0,"pct":0},"statements":{"total":116,"covered":0,"skipped":0,"pct":0},"branches":{"total":90,"covered":0,"skipped":0,"pct":0}}
,"D:\\Aiagent\\Hermes\\hermes-console\\hermes-app\\src\\pages\\Gateway\\index.ts": {"lines":{"total":0,"covered":0,"skipped":0,"pct":100},"functions":{"total":0,"covered":0,"skipped":0,"pct":100},"statements":{"total":0,"covered":0,"skipped":0,"pct":100},"branches":{"total":0,"covered":0,"skipped":0,"pct":100}}
,"D:\\Aiagent\\Hermes\\hermes-console\\hermes-app\\src\\pages\\HelpGuide\\HelpGuidePage.tsx": {"lines":{"total":13,"covered":0,"skipped":0,"pct":0},"functions":{"total":7,"covered":0,"skipped":0,"pct":0},"statements":{"total":14,"covered":0,"skipped":0,"pct":0},"branches":{"total":0,"covered":0,"skipped":0,"pct":100}}
,"D:\\Aiagent\\Hermes\\hermes-console\\hermes-app\\src\\pages\\HelpGuide\\index.ts": {"lines":{"total":0,"covered":0,"skipped":0,"pct":100},"functions":{"total":0,"covered":0,"skipped":0,"pct":100},"statements":{"total":0,"covered":0,"skipped":0,"pct":100},"branches":{"total":0,"covered":0,"skipped":0,"pct":100}}
,"D:\\Aiagent\\Hermes\\hermes-console\\hermes-app\\src\\pages\\Kanban\\KanbanPage.tsx": {"lines":{"total":209,"covered":0,"skipped":0,"pct":0},"functions":{"total":97,"covered":0,"skipped":0,"pct":0},"statements":{"total":245,"covered":0,"skipped":0,"pct":0},"branches":{"total":178,"covered":0,"skipped":0,"pct":0}}
,"D:\\Aiagent\\Hermes\\hermes-console\\hermes-app\\src\\pages\\Kanban\\TaskDrawer.tsx": {"lines":{"total":78,"covered":0,"skipped":0,"pct":0},"functions":{"total":33,"covered":0,"skipped":0,"pct":0},"statements":{"total":92,"covered":0,"skipped":0,"pct":0},"branches":{"total":65,"covered":0,"skipped":0,"pct":0}}
,"D:\\Aiagent\\Hermes\\hermes-console\\hermes-app\\src\\pages\\Kanban\\index.ts": {"lines":{"total":0,"covered":0,"skipped":0,"pct":100},"functions":{"total":0,"covered":0,"skipped":0,"pct":100},"statements":{"total":0,"covered":0,"skipped":0,"pct":100},"branches":{"total":0,"covered":0,"skipped":0,"pct":100}}
,"D:\\Aiagent\\Hermes\\hermes-console\\hermes-app\\src\\pages\\MCP\\MCP.tsx": {"lines":{"total":124,"covered":0,"skipped":0,"pct":0},"functions":{"total":64,"covered":0,"skipped":0,"pct":0},"statements":{"total":154,"covered":0,"skipped":0,"pct":0},"branches":{"total":107,"covered":0,"skipped":0,"pct":0}}
,"D:\\Aiagent\\Hermes\\hermes-console\\hermes-app\\src\\pages\\MCP\\index.ts": {"lines":{"total":0,"covered":0,"skipped":0,"pct":100},"functions":{"total":0,"covered":0,"skipped":0,"pct":100},"statements":{"total":0,"covered":0,"skipped":0,"pct":100},"branches":{"total":0,"covered":0,"skipped":0,"pct":100}}
,"D:\\Aiagent\\Hermes\\hermes-console\\hermes-app\\src\\pages\\Memory\\Memory.tsx": {"lines":{"total":143,"covered":0,"skipped":0,"pct":0},"functions":{"total":56,"covered":0,"skipped":0,"pct":0},"statements":{"total":176,"covered":0,"skipped":0,"pct":0},"branches":{"total":143,"covered":0,"skipped":0,"pct":0}}
,"D:\\Aiagent\\Hermes\\hermes-console\\hermes-app\\src\\pages\\Memory\\index.ts": {"lines":{"total":0,"covered":0,"skipped":0,"pct":100},"functions":{"total":0,"covered":0,"skipped":0,"pct":100},"statements":{"total":0,"covered":0,"skipped":0,"pct":100},"branches":{"total":0,"covered":0,"skipped":0,"pct":100}}
,"D:\\Aiagent\\Hermes\\hermes-console\\hermes-app\\src\\pages\\Monitor\\Monitor.tsx": {"lines":{"total":179,"covered":0,"skipped":0,"pct":0},"functions":{"total":72,"covered":0,"skipped":0,"pct":0},"statements":{"total":244,"covered":0,"skipped":0,"pct":0},"branches":{"total":215,"covered":0,"skipped":0,"pct":0}}
,"D:\\Aiagent\\Hermes\\hermes-console\\hermes-app\\src\\pages\\Monitor\\index.ts": {"lines":{"total":0,"covered":0,"skipped":0,"pct":100},"functions":{"total":0,"covered":0,"skipped":0,"pct":100},"statements":{"total":0,"covered":0,"skipped":0,"pct":100},"branches":{"total":0,"covered":0,"skipped":0,"pct":100}}
,"D:\\Aiagent\\Hermes\\hermes-console\\hermes-app\\src\\pages\\Platforms\\Platforms.tsx": {"lines":{"total":97,"covered":0,"skipped":0,"pct":0},"functions":{"total":42,"covered":0,"skipped":0,"pct":0},"statements":{"total":112,"covered":0,"skipped":0,"pct":0},"branches":{"total":81,"covered":0,"skipped":0,"pct":0}}
,"D:\\Aiagent\\Hermes\\hermes-console\\hermes-app\\src\\pages\\Platforms\\index.ts": {"lines":{"total":0,"covered":0,"skipped":0,"pct":100},"functions":{"total":0,"covered":0,"skipped":0,"pct":100},"statements":{"total":0,"covered":0,"skipped":0,"pct":100},"branches":{"total":0,"covered":0,"skipped":0,"pct":100}}
,"D:\\Aiagent\\Hermes\\hermes-console\\hermes-app\\src\\pages\\Preferences\\Preferences.tsx": {"lines":{"total":63,"covered":0,"skipped":0,"pct":0},"functions":{"total":43,"covered":0,"skipped":0,"pct":0},"statements":{"total":78,"covered":0,"skipped":0,"pct":0},"branches":{"total":84,"covered":0,"skipped":0,"pct":0}}
,"D:\\Aiagent\\Hermes\\hermes-console\\hermes-app\\src\\pages\\Preferences\\index.ts": {"lines":{"total":0,"covered":0,"skipped":0,"pct":100},"functions":{"total":0,"covered":0,"skipped":0,"pct":100},"statements":{"total":0,"covered":0,"skipped":0,"pct":100},"branches":{"total":0,"covered":0,"skipped":0,"pct":100}}
,"D:\\Aiagent\\Hermes\\hermes-console\\hermes-app\\src\\pages\\Profiles\\Profiles.tsx": {"lines":{"total":116,"covered":0,"skipped":0,"pct":0},"functions":{"total":49,"covered":0,"skipped":0,"pct":0},"statements":{"total":139,"covered":0,"skipped":0,"pct":0},"branches":{"total":78,"covered":0,"skipped":0,"pct":0}}
,"D:\\Aiagent\\Hermes\\hermes-console\\hermes-app\\src\\pages\\Profiles\\index.ts": {"lines":{"total":0,"covered":0,"skipped":0,"pct":100},"functions":{"total":0,"covered":0,"skipped":0,"pct":100},"statements":{"total":0,"covered":0,"skipped":0,"pct":100},"branches":{"total":0,"covered":0,"skipped":0,"pct":100}}
,"D:\\Aiagent\\Hermes\\hermes-console\\hermes-app\\src\\pages\\Sessions\\SessionChat.tsx": {"lines":{"total":130,"covered":0,"skipped":0,"pct":0},"functions":{"total":45,"covered":0,"skipped":0,"pct":0},"statements":{"total":144,"covered":0,"skipped":0,"pct":0},"branches":{"total":159,"covered":0,"skipped":0,"pct":0}}
,"D:\\Aiagent\\Hermes\\hermes-console\\hermes-app\\src\\pages\\Sessions\\Sessions.tsx": {"lines":{"total":276,"covered":0,"skipped":0,"pct":0},"functions":{"total":111,"covered":0,"skipped":0,"pct":0},"statements":{"total":320,"covered":0,"skipped":0,"pct":0},"branches":{"total":166,"covered":0,"skipped":0,"pct":0}}
,"D:\\Aiagent\\Hermes\\hermes-console\\hermes-app\\src\\pages\\Sessions\\index.ts": {"lines":{"total":0,"covered":0,"skipped":0,"pct":100},"functions":{"total":0,"covered":0,"skipped":0,"pct":100},"statements":{"total":0,"covered":0,"skipped":0,"pct":100},"branches":{"total":0,"covered":0,"skipped":0,"pct":100}}
,"D:\\Aiagent\\Hermes\\hermes-console\\hermes-app\\src\\pages\\Settings\\Settings.tsx": {"lines":{"total":179,"covered":0,"skipped":0,"pct":0},"functions":{"total":92,"covered":0,"skipped":0,"pct":0},"statements":{"total":238,"covered":0,"skipped":0,"pct":0},"branches":{"total":111,"covered":0,"skipped":0,"pct":0}}
,"D:\\Aiagent\\Hermes\\hermes-console\\hermes-app\\src\\pages\\Settings\\index.ts": {"lines":{"total":0,"covered":0,"skipped":0,"pct":100},"functions":{"total":0,"covered":0,"skipped":0,"pct":100},"statements":{"total":0,"covered":0,"skipped":0,"pct":100},"branches":{"total":0,"covered":0,"skipped":0,"pct":100}}
,"D:\\Aiagent\\Hermes\\hermes-console\\hermes-app\\src\\pages\\Settings\\hooks\\useConfigForm.ts": {"lines":{"total":9,"covered":0,"skipped":0,"pct":0},"functions":{"total":5,"covered":0,"skipped":0,"pct":0},"statements":{"total":10,"covered":0,"skipped":0,"pct":0},"branches":{"total":2,"covered":0,"skipped":0,"pct":0}}
,"D:\\Aiagent\\Hermes\\hermes-console\\hermes-app\\src\\pages\\Settings\\hooks\\useConfigSave.ts": {"lines":{"total":12,"covered":0,"skipped":0,"pct":0},"functions":{"total":2,"covered":0,"skipped":0,"pct":0},"statements":{"total":12,"covered":0,"skipped":0,"pct":0},"branches":{"total":6,"covered":0,"skipped":0,"pct":0}}
,"D:\\Aiagent\\Hermes\\hermes-console\\hermes-app\\src\\pages\\Settings\\sections\\AgentConfigForm.tsx": {"lines":{"total":28,"covered":0,"skipped":0,"pct":0},"functions":{"total":9,"covered":0,"skipped":0,"pct":0},"statements":{"total":30,"covered":0,"skipped":0,"pct":0},"branches":{"total":24,"covered":0,"skipped":0,"pct":0}}
,"D:\\Aiagent\\Hermes\\hermes-console\\hermes-app\\src\\pages\\Settings\\sections\\ApprovalConfigForm.tsx": {"lines":{"total":43,"covered":0,"skipped":0,"pct":0},"functions":{"total":22,"covered":0,"skipped":0,"pct":0},"statements":{"total":43,"covered":0,"skipped":0,"pct":0},"branches":{"total":36,"covered":0,"skipped":0,"pct":0}}
,"D:\\Aiagent\\Hermes\\hermes-console\\hermes-app\\src\\pages\\Settings\\sections\\AuxiliaryConfigForm.tsx": {"lines":{"total":46,"covered":0,"skipped":0,"pct":0},"functions":{"total":21,"covered":0,"skipped":0,"pct":0},"statements":{"total":47,"covered":0,"skipped":0,"pct":0},"branches":{"total":51,"covered":0,"skipped":0,"pct":0}}
,"D:\\Aiagent\\Hermes\\hermes-console\\hermes-app\\src\\pages\\Settings\\sections\\CheckpointConfigForm.tsx": {"lines":{"total":45,"covered":0,"skipped":0,"pct":0},"functions":{"total":17,"covered":0,"skipped":0,"pct":0},"statements":{"total":49,"covered":0,"skipped":0,"pct":0},"branches":{"total":72,"covered":0,"skipped":0,"pct":0}}
,"D:\\Aiagent\\Hermes\\hermes-console\\hermes-app\\src\\pages\\Settings\\sections\\CompressionConfigForm.tsx": {"lines":{"total":12,"covered":0,"skipped":0,"pct":0},"functions":{"total":6,"covered":0,"skipped":0,"pct":0},"statements":{"total":12,"covered":0,"skipped":0,"pct":0},"branches":{"total":10,"covered":0,"skipped":0,"pct":0}}
,"D:\\Aiagent\\Hermes\\hermes-console\\hermes-app\\src\\pages\\Settings\\sections\\MemoryConfigForm.tsx": {"lines":{"total":36,"covered":0,"skipped":0,"pct":0},"functions":{"total":12,"covered":0,"skipped":0,"pct":0},"statements":{"total":39,"covered":0,"skipped":0,"pct":0},"branches":{"total":40,"covered":0,"skipped":0,"pct":0}}
,"D:\\Aiagent\\Hermes\\hermes-console\\hermes-app\\src\\pages\\Settings\\sections\\ModelConfigForm.tsx": {"lines":{"total":41,"covered":0,"skipped":0,"pct":0},"functions":{"total":12,"covered":0,"skipped":0,"pct":0},"statements":{"total":42,"covered":0,"skipped":0,"pct":0},"branches":{"total":58,"covered":0,"skipped":0,"pct":0}}
,"D:\\Aiagent\\Hermes\\hermes-console\\hermes-app\\src\\pages\\Settings\\sections\\ProvidersConfigForm.tsx": {"lines":{"total":101,"covered":0,"skipped":0,"pct":0},"functions":{"total":56,"covered":0,"skipped":0,"pct":0},"statements":{"total":104,"covered":0,"skipped":0,"pct":0},"branches":{"total":108,"covered":0,"skipped":0,"pct":0}}
,"D:\\Aiagent\\Hermes\\hermes-console\\hermes-app\\src\\pages\\Settings\\sections\\TerminalConfigForm.tsx": {"lines":{"total":29,"covered":0,"skipped":0,"pct":0},"functions":{"total":9,"covered":0,"skipped":0,"pct":0},"statements":{"total":31,"covered":0,"skipped":0,"pct":0},"branches":{"total":22,"covered":0,"skipped":0,"pct":0}}
,"D:\\Aiagent\\Hermes\\hermes-console\\hermes-app\\src\\pages\\Settings\\sections\\UpdateSection.tsx": {"lines":{"total":46,"covered":0,"skipped":0,"pct":0},"functions":{"total":13,"covered":0,"skipped":0,"pct":0},"statements":{"total":50,"covered":0,"skipped":0,"pct":0},"branches":{"total":81,"covered":0,"skipped":0,"pct":0}}
,"D:\\Aiagent\\Hermes\\hermes-console\\hermes-app\\src\\pages\\Settings\\sections\\index.ts": {"lines":{"total":0,"covered":0,"skipped":0,"pct":100},"functions":{"total":0,"covered":0,"skipped":0,"pct":100},"statements":{"total":0,"covered":0,"skipped":0,"pct":100},"branches":{"total":0,"covered":0,"skipped":0,"pct":100}}
,"D:\\Aiagent\\Hermes\\hermes-console\\hermes-app\\src\\pages\\Skills\\Skills.tsx": {"lines":{"total":214,"covered":0,"skipped":0,"pct":0},"functions":{"total":109,"covered":0,"skipped":0,"pct":0},"statements":{"total":255,"covered":0,"skipped":0,"pct":0},"branches":{"total":177,"covered":0,"skipped":0,"pct":0}}
,"D:\\Aiagent\\Hermes\\hermes-console\\hermes-app\\src\\pages\\Skills\\index.ts": {"lines":{"total":0,"covered":0,"skipped":0,"pct":100},"functions":{"total":0,"covered":0,"skipped":0,"pct":100},"statements":{"total":0,"covered":0,"skipped":0,"pct":100},"branches":{"total":0,"covered":0,"skipped":0,"pct":100}}
,"D:\\Aiagent\\Hermes\\hermes-console\\hermes-app\\src\\services\\analyticsApi.ts": {"lines":{"total":5,"covered":0,"skipped":0,"pct":0},"functions":{"total":1,"covered":0,"skipped":0,"pct":0},"statements":{"total":5,"covered":0,"skipped":0,"pct":0},"branches":{"total":4,"covered":0,"skipped":0,"pct":0}}
,"D:\\Aiagent\\Hermes\\hermes-console\\hermes-app\\src\\services\\apiClient.ts": {"lines":{"total":50,"covered":45,"skipped":0,"pct":90},"functions":{"total":18,"covered":14,"skipped":0,"pct":77.77},"statements":{"total":62,"covered":53,"skipped":0,"pct":85.48},"branches":{"total":28,"covered":17,"skipped":0,"pct":60.71}}
,"D:\\Aiagent\\Hermes\\hermes-console\\hermes-app\\src\\services\\constants.ts": {"lines":{"total":2,"covered":2,"skipped":0,"pct":100},"functions":{"total":0,"covered":0,"skipped":0,"pct":100},"statements":{"total":2,"covered":2,"skipped":0,"pct":100},"branches":{"total":0,"covered":0,"skipped":0,"pct":100}}
,"D:\\Aiagent\\Hermes\\hermes-console\\hermes-app\\src\\services\\cronJobsApi.ts": {"lines":{"total":30,"covered":0,"skipped":0,"pct":0},"functions":{"total":12,"covered":0,"skipped":0,"pct":0},"statements":{"total":30,"covered":0,"skipped":0,"pct":0},"branches":{"total":29,"covered":0,"skipped":0,"pct":0}}
,"D:\\Aiagent\\Hermes\\hermes-console\\hermes-app\\src\\services\\eventService.ts": {"lines":{"total":48,"covered":0,"skipped":0,"pct":0},"functions":{"total":18,"covered":0,"skipped":0,"pct":0},"statements":{"total":50,"covered":0,"skipped":0,"pct":0},"branches":{"total":14,"covered":0,"skipped":0,"pct":0}}
,"D:\\Aiagent\\Hermes\\hermes-console\\hermes-app\\src\\services\\filesApi.ts": {"lines":{"total":188,"covered":0,"skipped":0,"pct":0},"functions":{"total":56,"covered":0,"skipped":0,"pct":0},"statements":{"total":203,"covered":0,"skipped":0,"pct":0},"branches":{"total":41,"covered":0,"skipped":0,"pct":0}}
,"D:\\Aiagent\\Hermes\\hermes-console\\hermes-app\\src\\services\\hermesChat.ts": {"lines":{"total":128,"covered":13,"skipped":0,"pct":10.15},"functions":{"total":33,"covered":4,"skipped":0,"pct":12.12},"statements":{"total":141,"covered":13,"skipped":0,"pct":9.21},"branches":{"total":58,"covered":10,"skipped":0,"pct":17.24}}
,"D:\\Aiagent\\Hermes\\hermes-console\\hermes-app\\src\\services\\hermesEnvironmentApi.ts": {"lines":{"total":25,"covered":0,"skipped":0,"pct":0},"functions":{"total":9,"covered":0,"skipped":0,"pct":0},"statements":{"total":25,"covered":0,"skipped":0,"pct":0},"branches":{"total":0,"covered":0,"skipped":0,"pct":100}}
,"D:\\Aiagent\\Hermes\\hermes-console\\hermes-app\\src\\services\\index.ts": {"lines":{"total":13,"covered":0,"skipped":0,"pct":0},"functions":{"total":0,"covered":0,"skipped":0,"pct":100},"statements":{"total":13,"covered":0,"skipped":0,"pct":0},"branches":{"total":0,"covered":0,"skipped":0,"pct":100}}
,"D:\\Aiagent\\Hermes\\hermes-console\\hermes-app\\src\\services\\kanbanApi.ts": {"lines":{"total":35,"covered":0,"skipped":0,"pct":0},"functions":{"total":17,"covered":0,"skipped":0,"pct":0},"statements":{"total":35,"covered":0,"skipped":0,"pct":0},"branches":{"total":16,"covered":0,"skipped":0,"pct":0}}
,"D:\\Aiagent\\Hermes\\hermes-console\\hermes-app\\src\\services\\mcpApi.ts": {"lines":{"total":28,"covered":7,"skipped":0,"pct":25},"functions":{"total":12,"covered":3,"skipped":0,"pct":25},"statements":{"total":28,"covered":7,"skipped":0,"pct":25},"branches":{"total":0,"covered":0,"skipped":0,"pct":100}}
,"D:\\Aiagent\\Hermes\\hermes-console\\hermes-app\\src\\services\\memoryApi.ts": {"lines":{"total":63,"covered":0,"skipped":0,"pct":0},"functions":{"total":13,"covered":0,"skipped":0,"pct":0},"statements":{"total":63,"covered":0,"skipped":0,"pct":0},"branches":{"total":11,"covered":0,"skipped":0,"pct":0}}
,"D:\\Aiagent\\Hermes\\hermes-console\\hermes-app\\src\\services\\monitorApi.ts": {"lines":{"total":46,"covered":0,"skipped":0,"pct":0},"functions":{"total":14,"covered":0,"skipped":0,"pct":0},"statements":{"total":46,"covered":0,"skipped":0,"pct":0},"branches":{"total":29,"covered":0,"skipped":0,"pct":0}}
,"D:\\Aiagent\\Hermes\\hermes-console\\hermes-app\\src\\services\\notifications.ts": {"lines":{"total":45,"covered":0,"skipped":0,"pct":0},"functions":{"total":6,"covered":0,"skipped":0,"pct":0},"statements":{"total":53,"covered":0,"skipped":0,"pct":0},"branches":{"total":20,"covered":0,"skipped":0,"pct":0}}
,"D:\\Aiagent\\Hermes\\hermes-console\\hermes-app\\src\\services\\platformApi.ts": {"lines":{"total":31,"covered":10,"skipped":0,"pct":32.25},"functions":{"total":13,"covered":3,"skipped":0,"pct":23.07},"statements":{"total":31,"covered":10,"skipped":0,"pct":32.25},"branches":{"total":0,"covered":0,"skipped":0,"pct":100}}
,"D:\\Aiagent\\Hermes\\hermes-console\\hermes-app\\src\\services\\profilesApi.ts": {"lines":{"total":10,"covered":0,"skipped":0,"pct":0},"functions":{"total":10,"covered":0,"skipped":0,"pct":0},"statements":{"total":10,"covered":0,"skipped":0,"pct":0},"branches":{"total":0,"covered":0,"skipped":0,"pct":100}}
,"D:\\Aiagent\\Hermes\\hermes-console\\hermes-app\\src\\services\\sessionApi.ts": {"lines":{"total":60,"covered":25,"skipped":0,"pct":41.66},"functions":{"total":17,"covered":10,"skipped":0,"pct":58.82},"statements":{"total":62,"covered":25,"skipped":0,"pct":40.32},"branches":{"total":30,"covered":17,"skipped":0,"pct":56.66}}
,"D:\\Aiagent\\Hermes\\hermes-console\\hermes-app\\src\\services\\settingsApi.ts": {"lines":{"total":30,"covered":0,"skipped":0,"pct":0},"functions":{"total":11,"covered":0,"skipped":0,"pct":0},"statements":{"total":30,"covered":0,"skipped":0,"pct":0},"branches":{"total":0,"covered":0,"skipped":0,"pct":100}}
,"D:\\Aiagent\\Hermes\\hermes-console\\hermes-app\\src\\services\\skillsApi.ts": {"lines":{"total":33,"covered":0,"skipped":0,"pct":0},"functions":{"total":11,"covered":0,"skipped":0,"pct":0},"statements":{"total":33,"covered":0,"skipped":0,"pct":0},"branches":{"total":4,"covered":0,"skipped":0,"pct":0}}
,"D:\\Aiagent\\Hermes\\hermes-console\\hermes-app\\src\\services\\statusApi.ts": {"lines":{"total":13,"covered":0,"skipped":0,"pct":0},"functions":{"total":3,"covered":0,"skipped":0,"pct":0},"statements":{"total":13,"covered":0,"skipped":0,"pct":0},"branches":{"total":0,"covered":0,"skipped":0,"pct":100}}
,"D:\\Aiagent\\Hermes\\hermes-console\\hermes-app\\src\\services\\toolsApi.ts": {"lines":{"total":14,"covered":0,"skipped":0,"pct":0},"functions":{"total":4,"covered":0,"skipped":0,"pct":0},"statements":{"total":14,"covered":0,"skipped":0,"pct":0},"branches":{"total":8,"covered":0,"skipped":0,"pct":0}}
,"D:\\Aiagent\\Hermes\\hermes-console\\hermes-app\\src\\services\\updateApi.ts": {"lines":{"total":11,"covered":8,"skipped":0,"pct":72.72},"functions":{"total":4,"covered":4,"skipped":0,"pct":100},"statements":{"total":12,"covered":8,"skipped":0,"pct":66.66},"branches":{"total":2,"covered":1,"skipped":0,"pct":50}}
,"D:\\Aiagent\\Hermes\\hermes-console\\hermes-app\\src\\stores\\chatPersistence.ts": {"lines":{"total":22,"covered":13,"skipped":0,"pct":59.09},"functions":{"total":4,"covered":2,"skipped":0,"pct":50},"statements":{"total":25,"covered":14,"skipped":0,"pct":56},"branches":{"total":8,"covered":4,"skipped":0,"pct":50}}
,"D:\\Aiagent\\Hermes\\hermes-console\\hermes-app\\src\\stores\\chatStore.ts": {"lines":{"total":241,"covered":122,"skipped":0,"pct":50.62},"functions":{"total":102,"covered":46,"skipped":0,"pct":45.09},"statements":{"total":268,"covered":126,"skipped":0,"pct":47.01},"branches":{"total":114,"covered":35,"skipped":0,"pct":30.7}}
,"D:\\Aiagent\\Hermes\\hermes-console\\hermes-app\\src\\stores\\cronJobsStore.ts": {"lines":{"total":61,"covered":53,"skipped":0,"pct":86.88},"functions":{"total":19,"covered":19,"skipped":0,"pct":100},"statements":{"total":65,"covered":57,"skipped":0,"pct":87.69},"branches":{"total":20,"covered":15,"skipped":0,"pct":75}}
,"D:\\Aiagent\\Hermes\\hermes-console\\hermes-app\\src\\stores\\dashboardStore.ts": {"lines":{"total":51,"covered":41,"skipped":0,"pct":80.39},"functions":{"total":8,"covered":8,"skipped":0,"pct":100},"statements":{"total":52,"covered":42,"skipped":0,"pct":80.76},"branches":{"total":21,"covered":20,"skipped":0,"pct":95.23}}
,"D:\\Aiagent\\Hermes\\hermes-console\\hermes-app\\src\\stores\\filesStore.ts": {"lines":{"total":202,"covered":78,"skipped":0,"pct":38.61},"functions":{"total":47,"covered":22,"skipped":0,"pct":46.8},"statements":{"total":215,"covered":82,"skipped":0,"pct":38.13},"branches":{"total":70,"covered":23,"skipped":0,"pct":32.85}}
,"D:\\Aiagent\\Hermes\\hermes-console\\hermes-app\\src\\stores\\hermesEnvironmentStore.ts": {"lines":{"total":16,"covered":0,"skipped":0,"pct":0},"functions":{"total":4,"covered":0,"skipped":0,"pct":0},"statements":{"total":17,"covered":0,"skipped":0,"pct":0},"branches":{"total":12,"covered":0,"skipped":0,"pct":0}}
,"D:\\Aiagent\\Hermes\\hermes-console\\hermes-app\\src\\stores\\hermesReadinessStore.ts": {"lines":{"total":23,"covered":19,"skipped":0,"pct":82.6},"functions":{"total":4,"covered":3,"skipped":0,"pct":75},"statements":{"total":24,"covered":20,"skipped":0,"pct":83.33},"branches":{"total":14,"covered":6,"skipped":0,"pct":42.85}}
,"D:\\Aiagent\\Hermes\\hermes-console\\hermes-app\\src\\stores\\index.ts": {"lines":{"total":0,"covered":0,"skipped":0,"pct":100},"functions":{"total":0,"covered":0,"skipped":0,"pct":100},"statements":{"total":0,"covered":0,"skipped":0,"pct":100},"branches":{"total":0,"covered":0,"skipped":0,"pct":100}}
,"D:\\Aiagent\\Hermes\\hermes-console\\hermes-app\\src\\stores\\kanbanStore.ts": {"lines":{"total":135,"covered":41,"skipped":0,"pct":30.37},"functions":{"total":22,"covered":10,"skipped":0,"pct":45.45},"statements":{"total":140,"covered":45,"skipped":0,"pct":32.14},"branches":{"total":24,"covered":10,"skipped":0,"pct":41.66}}
,"D:\\Aiagent\\Hermes\\hermes-console\\hermes-app\\src\\stores\\mcpStore.ts": {"lines":{"total":85,"covered":0,"skipped":0,"pct":0},"functions":{"total":25,"covered":0,"skipped":0,"pct":0},"statements":{"total":87,"covered":0,"skipped":0,"pct":0},"branches":{"total":4,"covered":0,"skipped":0,"pct":0}}
,"D:\\Aiagent\\Hermes\\hermes-console\\hermes-app\\src\\stores\\memoryStore.ts": {"lines":{"total":87,"covered":83,"skipped":0,"pct":95.4},"functions":{"total":18,"covered":18,"skipped":0,"pct":100},"statements":{"total":100,"covered":93,"skipped":0,"pct":93},"branches":{"total":41,"covered":30,"skipped":0,"pct":73.17}}
,"D:\\Aiagent\\Hermes\\hermes-console\\hermes-app\\src\\stores\\monitorStore.ts": {"lines":{"total":57,"covered":47,"skipped":0,"pct":82.45},"functions":{"total":16,"covered":15,"skipped":0,"pct":93.75},"statements":{"total":61,"covered":49,"skipped":0,"pct":80.32},"branches":{"total":25,"covered":17,"skipped":0,"pct":68}}
,"D:\\Aiagent\\Hermes\\hermes-console\\hermes-app\\src\\stores\\navigationStore.ts": {"lines":{"total":98,"covered":81,"skipped":0,"pct":82.65},"functions":{"total":24,"covered":23,"skipped":0,"pct":95.83},"statements":{"total":108,"covered":90,"skipped":0,"pct":83.33},"branches":{"total":58,"covered":36,"skipped":0,"pct":62.06}}
,"D:\\Aiagent\\Hermes\\hermes-console\\hermes-app\\src\\stores\\platformStore.tsx": {"lines":{"total":91,"covered":70,"skipped":0,"pct":76.92},"functions":{"total":21,"covered":20,"skipped":0,"pct":95.23},"statements":{"total":96,"covered":75,"skipped":0,"pct":78.12},"branches":{"total":48,"covered":27,"skipped":0,"pct":56.25}}
,"D:\\Aiagent\\Hermes\\hermes-console\\hermes-app\\src\\stores\\profilesStore.ts": {"lines":{"total":73,"covered":0,"skipped":0,"pct":0},"functions":{"total":13,"covered":0,"skipped":0,"pct":0},"statements":{"total":74,"covered":0,"skipped":0,"pct":0},"branches":{"total":0,"covered":0,"skipped":0,"pct":100}}
,"D:\\Aiagent\\Hermes\\hermes-console\\hermes-app\\src\\stores\\sessionStore.ts": {"lines":{"total":260,"covered":118,"skipped":0,"pct":45.38},"functions":{"total":46,"covered":24,"skipped":0,"pct":52.17},"statements":{"total":276,"covered":123,"skipped":0,"pct":44.56},"branches":{"total":164,"covered":48,"skipped":0,"pct":29.26}}
,"D:\\Aiagent\\Hermes\\hermes-console\\hermes-app\\src\\stores\\settingsStore.ts": {"lines":{"total":183,"covered":51,"skipped":0,"pct":27.86},"functions":{"total":35,"covered":16,"skipped":0,"pct":45.71},"statements":{"total":185,"covered":52,"skipped":0,"pct":28.1},"branches":{"total":142,"covered":88,"skipped":0,"pct":61.97}}
,"D:\\Aiagent\\Hermes\\hermes-console\\hermes-app\\src\\stores\\skillsStore.ts": {"lines":{"total":77,"covered":63,"skipped":0,"pct":81.81},"functions":{"total":17,"covered":16,"skipped":0,"pct":94.11},"statements":{"total":78,"covered":64,"skipped":0,"pct":82.05},"branches":{"total":30,"covered":25,"skipped":0,"pct":83.33}}
,"D:\\Aiagent\\Hermes\\hermes-console\\hermes-app\\src\\stores\\themeStore.ts": {"lines":{"total":30,"covered":21,"skipped":0,"pct":70},"functions":{"total":41,"covered":25,"skipped":0,"pct":60.97},"statements":{"total":48,"covered":31,"skipped":0,"pct":64.58},"branches":{"total":10,"covered":7,"skipped":0,"pct":70}}
,"D:\\Aiagent\\Hermes\\hermes-console\\hermes-app\\src\\stores\\toastStore.ts": {"lines":{"total":29,"covered":27,"skipped":0,"pct":93.1},"functions":{"total":17,"covered":15,"skipped":0,"pct":88.23},"statements":{"total":33,"covered":31,"skipped":0,"pct":93.93},"branches":{"total":14,"covered":8,"skipped":0,"pct":57.14}}
,"D:\\Aiagent\\Hermes\\hermes-console\\hermes-app\\src\\types\\analytics.ts": {"lines":{"total":0,"covered":0,"skipped":0,"pct":100},"functions":{"total":0,"covered":0,"skipped":0,"pct":100},"statements":{"total":0,"covered":0,"skipped":0,"pct":100},"branches":{"total":0,"covered":0,"skipped":0,"pct":100}}
,"D:\\Aiagent\\Hermes\\hermes-console\\hermes-app\\src\\types\\checkpoint.ts": {"lines":{"total":0,"covered":0,"skipped":0,"pct":100},"functions":{"total":0,"covered":0,"skipped":0,"pct":100},"statements":{"total":0,"covered":0,"skipped":0,"pct":100},"branches":{"total":0,"covered":0,"skipped":0,"pct":100}}
,"D:\\Aiagent\\Hermes\\hermes-console\\hermes-app\\src\\types\\common.ts": {"lines":{"total":0,"covered":0,"skipped":0,"pct":100},"functions":{"total":0,"covered":0,"skipped":0,"pct":100},"statements":{"total":0,"covered":0,"skipped":0,"pct":100},"branches":{"total":0,"covered":0,"skipped":0,"pct":100}}
,"D:\\Aiagent\\Hermes\\hermes-console\\hermes-app\\src\\types\\config.ts": {"lines":{"total":3,"covered":0,"skipped":0,"pct":0},"functions":{"total":0,"covered":0,"skipped":0,"pct":100},"statements":{"total":3,"covered":0,"skipped":0,"pct":0},"branches":{"total":0,"covered":0,"skipped":0,"pct":100}}
,"D:\\Aiagent\\Hermes\\hermes-console\\hermes-app\\src\\types\\cron.ts": {"lines":{"total":0,"covered":0,"skipped":0,"pct":100},"functions":{"total":0,"covered":0,"skipped":0,"pct":100},"statements":{"total":0,"covered":0,"skipped":0,"pct":100},"branches":{"total":0,"covered":0,"skipped":0,"pct":100}}
,"D:\\Aiagent\\Hermes\\hermes-console\\hermes-app\\src\\types\\files.ts": {"lines":{"total":5,"covered":0,"skipped":0,"pct":0},"functions":{"total":2,"covered":0,"skipped":0,"pct":0},"statements":{"total":5,"covered":0,"skipped":0,"pct":0},"branches":{"total":0,"covered":0,"skipped":0,"pct":100}}
,"D:\\Aiagent\\Hermes\\hermes-console\\hermes-app\\src\\types\\hermesEnvironment.ts": {"lines":{"total":0,"covered":0,"skipped":0,"pct":100},"functions":{"total":0,"covered":0,"skipped":0,"pct":100},"statements":{"total":0,"covered":0,"skipped":0,"pct":100},"branches":{"total":0,"covered":0,"skipped":0,"pct":100}}
,"D:\\Aiagent\\Hermes\\hermes-console\\hermes-app\\src\\types\\index.ts": {"lines":{"total":0,"covered":0,"skipped":0,"pct":100},"functions":{"total":0,"covered":0,"skipped":0,"pct":100},"statements":{"total":0,"covered":0,"skipped":0,"pct":100},"branches":{"total":0,"covered":0,"skipped":0,"pct":100}}
,"D:\\Aiagent\\Hermes\\hermes-console\\hermes-app\\src\\types\\kanban.ts": {"lines":{"total":0,"covered":0,"skipped":0,"pct":100},"functions":{"total":0,"covered":0,"skipped":0,"pct":100},"statements":{"total":0,"covered":0,"skipped":0,"pct":100},"branches":{"total":0,"covered":0,"skipped":0,"pct":100}}
,"D:\\Aiagent\\Hermes\\hermes-console\\hermes-app\\src\\types\\mcp.ts": {"lines":{"total":0,"covered":0,"skipped":0,"pct":100},"functions":{"total":0,"covered":0,"skipped":0,"pct":100},"statements":{"total":0,"covered":0,"skipped":0,"pct":100},"branches":{"total":0,"covered":0,"skipped":0,"pct":100}}
,"D:\\Aiagent\\Hermes\\hermes-console\\hermes-app\\src\\types\\memory.ts": {"lines":{"total":0,"covered":0,"skipped":0,"pct":100},"functions":{"total":0,"covered":0,"skipped":0,"pct":100},"statements":{"total":0,"covered":0,"skipped":0,"pct":100},"branches":{"total":0,"covered":0,"skipped":0,"pct":100}}
,"D:\\Aiagent\\Hermes\\hermes-console\\hermes-app\\src\\types\\monitor.ts": {"lines":{"total":0,"covered":0,"skipped":0,"pct":100},"functions":{"total":0,"covered":0,"skipped":0,"pct":100},"statements":{"total":0,"covered":0,"skipped":0,"pct":100},"branches":{"total":0,"covered":0,"skipped":0,"pct":100}}
,"D:\\Aiagent\\Hermes\\hermes-console\\hermes-app\\src\\types\\navigation.ts": {"lines":{"total":0,"covered":0,"skipped":0,"pct":100},"functions":{"total":0,"covered":0,"skipped":0,"pct":100},"statements":{"total":0,"covered":0,"skipped":0,"pct":100},"branches":{"total":0,"covered":0,"skipped":0,"pct":100}}
,"D:\\Aiagent\\Hermes\\hermes-console\\hermes-app\\src\\types\\platform.ts": {"lines":{"total":0,"covered":0,"skipped":0,"pct":100},"functions":{"total":0,"covered":0,"skipped":0,"pct":100},"statements":{"total":0,"covered":0,"skipped":0,"pct":100},"branches":{"total":0,"covered":0,"skipped":0,"pct":100}}
,"D:\\Aiagent\\Hermes\\hermes-console\\hermes-app\\src\\types\\profiles.ts": {"lines":{"total":0,"covered":0,"skipped":0,"pct":100},"functions":{"total":0,"covered":0,"skipped":0,"pct":100},"statements":{"total":0,"covered":0,"skipped":0,"pct":100},"branches":{"total":0,"covered":0,"skipped":0,"pct":100}}
,"D:\\Aiagent\\Hermes\\hermes-console\\hermes-app\\src\\types\\session.ts": {"lines":{"total":0,"covered":0,"skipped":0,"pct":100},"functions":{"total":0,"covered":0,"skipped":0,"pct":100},"statements":{"total":0,"covered":0,"skipped":0,"pct":100},"branches":{"total":0,"covered":0,"skipped":0,"pct":100}}
,"D:\\Aiagent\\Hermes\\hermes-console\\hermes-app\\src\\types\\skill.ts": {"lines":{"total":1,"covered":0,"skipped":0,"pct":0},"functions":{"total":0,"covered":0,"skipped":0,"pct":100},"statements":{"total":1,"covered":0,"skipped":0,"pct":0},"branches":{"total":0,"covered":0,"skipped":0,"pct":100}}
,"D:\\Aiagent\\Hermes\\hermes-console\\hermes-app\\src\\types\\status.ts": {"lines":{"total":0,"covered":0,"skipped":0,"pct":100},"functions":{"total":0,"covered":0,"skipped":0,"pct":100},"statements":{"total":0,"covered":0,"skipped":0,"pct":100},"branches":{"total":0,"covered":0,"skipped":0,"pct":100}}
,"D:\\Aiagent\\Hermes\\hermes-console\\hermes-app\\src\\utils\\format.tsx": {"lines":{"total":113,"covered":0,"skipped":0,"pct":0},"functions":{"total":18,"covered":0,"skipped":0,"pct":0},"statements":{"total":152,"covered":0,"skipped":0,"pct":0},"branches":{"total":120,"covered":0,"skipped":0,"pct":0}}
,"D:\\Aiagent\\Hermes\\hermes-console\\hermes-app\\src\\utils\\validation.ts": {"lines":{"total":73,"covered":70,"skipped":0,"pct":95.89},"functions":{"total":5,"covered":5,"skipped":0,"pct":100},"statements":{"total":78,"covered":72,"skipped":0,"pct":92.3},"branches":{"total":88,"covered":81,"skipped":0,"pct":92.04}}
}
